Arguments: 
  C:\Program Files\nodejs\node.exe C:\Users\Sanwal\AppData\Roaming\npm\node_modules\yarn\bin\yarn.js add @nextfonts/inter

PATH: 
  C:\orant\bin;C:\oraclexe\app\oracle\product\11.2.0\server\bin;C:\Python310\Scripts\;C:\Python310\;C:\WINDOWS\system32;C:\WINDOWS;C:\WINDOWS\System32\Wbem;C:\WINDOWS\System32\WindowsPowerShell\v1.0\;C:\WINDOWS\System32\OpenSSH\;C:\Program Files\nodejs\;C:\Program Files\Git\cmd;C:\MinGW\bin;C:\Program Files\MongoDB\Server\6.0\bin;C:\mongosh-1.6.0-win32-x64\bin;C:\Program Files (x86)\Microsoft SQL Server\160\Tools\Binn\;C:\Program Files\Microsoft SQL Server\160\Tools\Binn\;C:\Program Files\Microsoft SQL Server\Client SDK\ODBC\170\Tools\Binn\;C:\Program Files\Microsoft SQL Server\160\DTS\Binn\;C:\Program Files (x86)\Microsoft SQL Server\160\DTS\Binn\;C:\Program Files\Azure Data Studio\bin;C:\orant\jdk\bin;C:\Program Files\dotnet\;C:\Program Files\Microsoft SQL Server\150\DTS\Binn\;C:\Program Files\MySQL\MySQL Shell 8.0\bin\;C:\Users\Sanwal\AppData\Local\Microsoft\WindowsApps;C:\Users\Sanwal\AppData\Local\GitHubDesktop\bin;C:\Users\Sanwal\AppData\Local\Programs\Microsoft VS Code\bin;C:\Users\Sanwal\AppData\Roaming\npm;C:\Program Files\Azure Data Studio\bin;C:\Program Files\Azure Data Studio\bin;C:\Users\Sanwal\.dotnet\tools;C:\Program Files\Azure Data Studio\bin;C:\Users\Sanwal\Downloads\instantclient-basiclite-windows.x64-21.9.0.0.0dbru\instantclient_21_9;

Yarn version: 
  1.22.19

Node version: 
  16.13.2

Platform: 
  win32 x64

Trace: 
  Error: https://registry.yarnpkg.com/@nextfonts%2finter: Not found
      at Request.params.callback [as _callback] (C:\Users\Sanwal\AppData\Roaming\npm\node_modules\yarn\lib\cli.js:66145:18)
      at Request.self.callback (C:\Users\Sanwal\AppData\Roaming\npm\node_modules\yarn\lib\cli.js:140890:22)
      at Request.emit (node:events:390:28)
      at Request.<anonymous> (C:\Users\Sanwal\AppData\Roaming\npm\node_modules\yarn\lib\cli.js:141862:10)
      at Request.emit (node:events:390:28)
      at IncomingMessage.<anonymous> (C:\Users\Sanwal\AppData\Roaming\npm\node_modules\yarn\lib\cli.js:141784:12)
      at Object.onceWrapper (node:events:509:28)
      at IncomingMessage.emit (node:events:402:35)
      at endReadableNT (node:internal/streams/readable:1343:12)
      at processTicksAndRejections (node:internal/process/task_queues:83:21)

npm manifest: 
  No manifest

yarn manifest: 
  No manifest

Lockfile: 
  No lockfile
